frameworks/cocos2d-x/cocos/platform/android/libcocos2dx/build/outputs/logs/manifest-merger-debug-report.txt
-- Merging decision tree log ---
manifest
ADDED from android\libcocos2dx\AndroidManifest.xml:2:1-6:12
INJECTED from android\libcocos2dx\AndroidManifest.xml:2:1-6:12
INJECTED from android\libcocos2dx\AndroidManifest.xml:2:1-6:12
INJECTED from android\libcocos2dx\AndroidManifest.xml:2:1-6:12
INJECTED from android\libcocos2dx\AndroidManifest.xml:2:1-6:12
INJECTED from android\libcocos2dx\AndroidManifest.xml:2:1-6:12
INJECTED from android\libcocos2dx\AndroidManifest.xml:2:1-6:12
	package
		ADDED from android\libcocos2dx\AndroidManifest.xml:3:5-31
		INJECTED from android\libcocos2dx\AndroidManifest.xml
		INJECTED from android\libcocos2dx\AndroidManifest.xml
	android:versionName
		INJECTED from android\libcocos2dx\AndroidManifest.xml
		ADDED from android\libcocos2dx\AndroidManifest.xml:2:1-6:12
		INJECTED from android\libcocos2dx\AndroidManifest.xml
	android:versionCode
		INJECTED from android\libcocos2dx\AndroidManifest.xml
		ADDED from android\libcocos2dx\AndroidManifest.xml:2:1-6:12
		INJECTED from android\libcocos2dx\AndroidManifest.xml
	xmlns:android
		ADDED from android\libcocos2dx\AndroidManifest.xml:2:11-69
application
ADDED from android\libcocos2dx\AndroidManifest.xml:4:5-5:19
	android:allowBackup
		ADDED from android\libcocos2dx\AndroidManifest.xml:4:18-44
uses-sdk
INJECTED from android\libcocos2dx\AndroidManifest.xml reason: use-sdk injection requested
INJECTED from android\libcocos2dx\AndroidManifest.xml
INJECTED from android\libcocos2dx\AndroidManifest.xml
INJECTED from android\libcocos2dx\AndroidManifest.xml
INJECTED from android\libcocos2dx\AndroidManifest.xml
	android:targetSdkVersion
		INJECTED from android\libcocos2dx\AndroidManifest.xml
		ADDED from android\libcocos2dx\AndroidManifest.xml
		INJECTED from android\libcocos2dx\AndroidManifest.xml
	android:minSdkVersion
		INJECTED from android\libcocos2dx\AndroidManifest.xml
		ADDED from android\libcocos2dx\AndroidManifest.xml
		INJECTED from android\libcocos2dx\AndroidManifest.xml